c:\users\user\documents\visual studio 2015\projects\staxx\staxx\debug\vc140.pdb
c:\users\user\documents\visual studio 2015\projects\staxx\staxx\debug\vc140.idb
c:\users\user\documents\visual studio 2015\projects\staxx\staxx\debug\basic_tile.obj
c:\users\user\documents\visual studio 2015\projects\staxx\staxx\debug\block.obj
c:\users\user\documents\visual studio 2015\projects\staxx\staxx\debug\button.obj
c:\users\user\documents\visual studio 2015\projects\staxx\staxx\debug\common_surfaces.obj
c:\users\user\documents\visual studio 2015\projects\staxx\staxx\debug\constants.obj
c:\users\user\documents\visual studio 2015\projects\staxx\staxx\debug\design_grid.obj
c:\users\user\documents\visual studio 2015\projects\staxx\staxx\debug\design_selection.obj
c:\users\user\documents\visual studio 2015\projects\staxx\staxx\debug\game.obj
c:\users\user\documents\visual studio 2015\projects\staxx\staxx\debug\game_state.obj
c:\users\user\documents\visual studio 2015\projects\staxx\staxx\debug\game_tile.obj
c:\users\user\documents\visual studio 2015\projects\staxx\staxx\debug\main.obj
c:\users\user\documents\visual studio 2015\projects\staxx\staxx\debug\menu.obj
c:\users\user\documents\visual studio 2015\projects\staxx\staxx\debug\misc.obj
c:\users\user\documents\visual studio 2015\projects\staxx\staxx\debug\shape.obj
c:\users\user\documents\visual studio 2015\projects\staxx\staxx\debug\clickable_tile.obj
c:\users\user\documents\visual studio 2015\projects\staxx\staxx\debug\usable_shapes.obj
c:\users\user\documents\visual studio 2015\projects\staxx\debug\staxx.ilk
c:\users\user\documents\visual studio 2015\projects\staxx\debug\staxx.exe
c:\users\user\documents\visual studio 2015\projects\staxx\debug\staxx.pdb
c:\users\user\documents\visual studio 2015\projects\staxx\debug\staxx.lib
c:\users\user\documents\visual studio 2015\projects\staxx\debug\staxx.exp
c:\users\user\documents\visual studio 2015\projects\staxx\staxx\debug\staxx.tlog\cl.command.1.tlog
c:\users\user\documents\visual studio 2015\projects\staxx\staxx\debug\staxx.tlog\cl.read.1.tlog
c:\users\user\documents\visual studio 2015\projects\staxx\staxx\debug\staxx.tlog\cl.write.1.tlog
c:\users\user\documents\visual studio 2015\projects\staxx\staxx\debug\staxx.tlog\link.command.1.tlog
c:\users\user\documents\visual studio 2015\projects\staxx\staxx\debug\staxx.tlog\link.read.1.tlog
c:\users\user\documents\visual studio 2015\projects\staxx\staxx\debug\staxx.tlog\link.write.1.tlog
c:\users\user\documents\visual studio 2015\projects\staxx\staxx\debug\staxx.tlog\staxx.write.1u.tlog
